Apr 22 2016 20:01:01 - 4C75GI4xjgavuhk1Cx4SyNLF9f8c9y6mwHsFb8S5O8w=
Apr 22 2016 20:02:53 - yBbCzoowit6GvtEMdlWznTqKyrD7eappG6546utKnD2SPbDfYf08t+hA7w6owRLS
Apr 22 2016 20:02:57 - Xw9osqThAVCcKI/CnAu8p/v8jgva14vgHJ/uA45AEUE=
Apr 22 2016 20:03:31 - VlPDv3N0snmSX2wapN/LUBidH3wgn0m8aD/ee2eatTw=
Apr 22 2016 20:03:33 - K/vh117xtNJucbBiDsoepUhUxTHCdqZoO3gPwofGj9OxUMHZS7ItCrPerfX+dWlm
Apr 22 2016 20:08:40 - hqmMlmnAn2+aF7ZCzvzusWT/NsPkhGmmryGfo9+YTjA=
Apr 22 2016 20:08:54 - GVr8xPUR8D8dZx57im0NtLfl2V+eRivnSOWzyFm46hE=
Apr 22 2016 20:09:57 - 1ydEBLdOUm6CSI6MCpuos/aZJGg8wbY7QLQtFtfk560=
Apr 22 2016 20:09:59 - nT4DfEcEpe6HHfncbJYpj69454r1Siv/1XfBA/Ppl1M=
Apr 22 2016 20:10:10 - VlPDv3N0snmSX2wapN/LUBidH3wgn0m8aD/ee2eatTw=
Apr 22 2016 20:10:11 - DwrfsA7dyttmAgUmh4uxZv9avJJhdUkqkpNzuuUFD9s=
Apr 22 2016 20:10:20 - hqmMlmnAn2+aF7ZCzvzusWT/NsPkhGmmryGfo9+YTjA=
Apr 22 2016 20:10:37 - 2tNsZ4Ej+d2j+UK6a4ha4gz3TEkRkW4u+I+mXuY2NRY=
Apr 22 2016 20:10:39 - Can65nnFdTDeZWtqBnLN1wp7pq0ffo6YjAYORkscZLI=
Apr 22 2016 20:10:41 - Can65nnFdTDeZWtqBnLN1wp7pq0ffo6YjAYORkscZLI=
Apr 22 2016 20:10:43 - Can65nnFdTDeZWtqBnLN1wp7pq0ffo6YjAYORkscZLI=
Apr 22 2016 20:10:44 - Can65nnFdTDeZWtqBnLN1wp7pq0ffo6YjAYORkscZLI=
Apr 22 2016 20:10:46 - rZUlC3FCYVOLU0EVPiQkxwp7pq0ffo6YjAYORkscZLI=
Apr 22 2016 20:10:59 - rZUlC3FCYVOLU0EVPiQkxwp7pq0ffo6YjAYORkscZLI=
Apr 22 2016 20:11:13 - qpw5kas5JgpLkOuzchajONxqgSgTRGJSL4RDgqngV94=
Apr 22 2016 20:11:26 - qpw5kas5JgpLkOuzchajONxqgSgTRGJSL4RDgqngV94=
Apr 22 2016 20:11:39 - FGR3Xn70wVJHZgZoKxGmVCdXwEnex/yJOXlNZnN/NtA=
Apr 22 2016 20:11:48 - VlPDv3N0snmSX2wapN/LUBidH3wgn0m8aD/ee2eatTw=
Apr 22 2016 20:11:49 - DwrfsA7dyttmAgUmh4uxZv9avJJhdUkqkpNzuuUFD9s=
Apr 22 2016 20:12:04 - hqmMlmnAn2+aF7ZCzvzusWT/NsPkhGmmryGfo9+YTjA=
Apr 22 2016 20:12:11 - QseKSnhFg6JYkagf0HXpfqxtxF5mUuBTzggg327GjTk=
Apr 22 2016 20:12:22 - 16QwpYChynhBJDztb9EzM/bcrstdVFyqzzNOolElJ0Q=
Apr 22 2016 20:12:29 - ABIwWkNBWjAMmOH1txXmd/bcrstdVFyqzzNOolElJ0Q=
Apr 22 2016 20:12:36 - VlPDv3N0snmSX2wapN/LUBidH3wgn0m8aD/ee2eatTw=
Apr 22 2016 20:12:39 - DwrfsA7dyttmAgUmh4uxZv9avJJhdUkqkpNzuuUFD9s=
Apr 22 2016 20:12:58 - 8iLCgwtXooo2CYUWHpNBp32LkLsKf1GUKgxRqh27Nj8=
Apr 22 2016 20:13:14 - DwrfsA7dyttmAgUmh4uxZv9avJJhdUkqkpNzuuUFD9s=
Apr 22 2016 20:13:21 - hqmMlmnAn2+aF7ZCzvzusWT/NsPkhGmmryGfo9+YTjA=
Apr 22 2016 20:13:32 - GVr8xPUR8D8dZx57im0NtLfl2V+eRivnSOWzyFm46hE=
Apr 22 2016 20:14:54 - nT4DfEcEpe6HHfncbJYpj69454r1Siv/1XfBA/Ppl1M=
Apr 22 2016 20:15:09 - GVr8xPUR8D8dZx57im0NtLfl2V+eRivnSOWzyFm46hE=
Apr 22 2016 20:23:36 - GVr8xPUR8D8dZx57im0NtLfl2V+eRivnSOWzyFm46hE=
Apr 22 2016 20:24:26 - yFMgNAZlRlzLaD6YK9pPc/aZJGg8wbY7QLQtFtfk560=
Apr 22 2016 20:24:26 - JcVU6rtn+5j/IZCxH7dtYPaZJGg8wbY7QLQtFtfk560=
Apr 22 2016 20:24:31 - nT4DfEcEpe6HHfncbJYpj69454r1Siv/1XfBA/Ppl1M=
Apr 22 2016 20:24:40 - VlPDv3N0snmSX2wapN/LUBidH3wgn0m8aD/ee2eatTw=
Apr 22 2016 20:24:40 - DwrfsA7dyttmAgUmh4uxZv9avJJhdUkqkpNzuuUFD9s=
Apr 22 2016 20:24:52 - hqmMlmnAn2+aF7ZCzvzusWT/NsPkhGmmryGfo9+YTjA=
Apr 22 2016 20:27:59 - GVr8xPUR8D8dZx57im0NtLfl2V+eRivnSOWzyFm46hE=
Apr 22 2016 20:28:11 - nT4DfEcEpe6HHfncbJYpj69454r1Siv/1XfBA/Ppl1M=
Apr 22 2016 20:29:54 - GVr8xPUR8D8dZx57im0NtLfl2V+eRivnSOWzyFm46hE=
Apr 22 2016 20:30:56 - 1ydEBLdOUm6CSI6MCpuos/aZJGg8wbY7QLQtFtfk560=
Apr 22 2016 20:31:00 - nT4DfEcEpe6HHfncbJYpj69454r1Siv/1XfBA/Ppl1M=
Apr 22 2016 20:31:07 - UiURbFGzP+4iIVDhiqmnMqDKme2J8aIR0qrn3GE2yZ8=
Apr 22 2016 20:31:12 - q7JWkIDVjJyKqSSZhw5iJqxtxF5mUuBTzggg327GjTk=
Apr 22 2016 21:04:00 - CyGQvaMnJey2m0radC5WYdVLfVOPidyO5B3Osoxm4x4=
Apr 22 2016 21:04:04 - UiURbFGzP+4iIVDhiqmnMqDKme2J8aIR0qrn3GE2yZ8=
Apr 22 2016 21:05:03 - D2kmSBCsAF+TebNF+7YjLuBhhrTo5as/apgKmIHg5FU=
Apr 22 2016 21:05:17 - q7JWkIDVjJyKqSSZhw5iJqxtxF5mUuBTzggg327GjTk=
Apr 22 2016 21:11:38 - UiURbFGzP+4iIVDhiqmnMqDKme2J8aIR0qrn3GE2yZ8=
Apr 22 2016 21:12:07 - D2kmSBCsAF+TebNF+7YjLuBhhrTo5as/apgKmIHg5FU=
Apr 22 2016 21:18:34 - q7JWkIDVjJyKqSSZhw5iJqxtxF5mUuBTzggg327GjTk=
Apr 22 2016 21:18:59 - UiURbFGzP+4iIVDhiqmnMqDKme2J8aIR0qrn3GE2yZ8=
Apr 22 2016 21:19:30 - zQLCoNbB9+NJdE1UV3HKLKxtxF5mUuBTzggg327GjTk=
Apr 22 2016 21:26:18 - CyGQvaMnJey2m0radC5WYeoH9C2AcYzznV1681x+YCs=
Apr 22 2016 21:26:25 - UiURbFGzP+4iIVDhiqmnMqDKme2J8aIR0qrn3GE2yZ8=
Apr 22 2016 21:27:21 - oW7qHGBKeYCmUNAXOOj2WCJMdn4xtigCh3SihCw9+7w=
Apr 22 2016 21:42:51 - q7JWkIDVjJyKqSSZhw5iJqxtxF5mUuBTzggg327GjTk=
Apr 22 2016 21:43:20 - UiURbFGzP+4iIVDhiqmnMqDKme2J8aIR0qrn3GE2yZ8=
Apr 22 2016 21:43:25 - q7JWkIDVjJyKqSSZhw5iJqxtxF5mUuBTzggg327GjTk=
Apr 22 2016 21:43:31 - O2t5FwuXEaM7sLBMW0N/4xYvxhBRVUbHhXkiBBt0yQk=
Apr 22 2016 21:43:52 - wbPJlts2DgNUaTg9BNf5eGxmt95gl/NtpzL3xzrElKY=
Apr 22 2016 21:43:57 - S2kF13VBB2H09+AMJkkATXpP8atbEs6DTquTi76iEto=
Apr 22 2016 21:44:04 - VlPDv3N0snmSX2wapN/LUBidH3wgn0m8aD/ee2eatTw=
Apr 22 2016 21:44:05 - DwrfsA7dyttmAgUmh4uxZv9avJJhdUkqkpNzuuUFD9s=
Apr 22 2016 21:44:15 - hqmMlmnAn2+aF7ZCzvzusWT/NsPkhGmmryGfo9+YTjA=
